# JRE version: OpenJDK Runtime Environment (17.0.9) (build 17.0.9+0--11185874)
# Java VM: OpenJDK 64-Bit Server VM (17.0.9+0--11185874, mixed mode, tiered, compressed oops, compressed class ptrs, g1 gc, windows-amd64)
GC Precious Log:
 CPUs: 8 total, 8 available
 Memory: 8050M
 Large Page Support: Disabled
 NUMA Support: Disabled
 Compressed Oops: Enabled (32-bit)
 Heap Region Size: 1M
 Heap Min Capacity: 8M
 Heap Initial Capacity: 126M
 Heap Max Capacity: 2014M
 Pre-touch: Disabled
 Parallel Workers: 8
 Concurrent Workers: 2
 Concurrent Refinement Workers: 8
 Periodic GC: Disabled
Heap:
 garbage-first heap   total 164864K, used 90781K [0x0000000082200000, 0x0000000100000000)
  region size 1024K, 3 young (3072K), 3 survivors (3072K)
 Metaspace       used 89539K, committed 89920K, reserved 1179648K
  class space    used 10038K, committed 10240K, reserved 1048576K
GC Heap History (20 events):
Event: 3.894 GC heap after
{Heap after GC invocations=14 (full 0):
 garbage-first heap   total 137216K, used 36611K [0x0000000082200000, 0x0000000100000000)
  region size 1024K, 8 young (8192K), 8 survivors (8192K)
 Metaspace       used 50000K, committed 50240K, reserved 1114112K
  class space    used 6056K, committed 6144K, reserved 1048576K
}
Event: 5.201 GC heap before
{Heap before GC invocations=14 (full 0):
 garbage-first heap   total 137216K, used 90883K [0x0000000082200000, 0x0000000100000000)
  region size 1024K, 61 young (62464K), 8 survivors (8192K)
 Metaspace       used 54668K, committed 54912K, reserved 1114112K
  class space    used 6480K, committed 6592K, reserved 1048576K
}
Event: 5.223 GC heap after
{Heap after GC invocations=15 (full 0):
 garbage-first heap   total 137216K, used 45807K [0x0000000082200000, 0x0000000100000000)
  region size 1024K, 8 young (8192K), 8 survivors (8192K)
 Metaspace       used 54668K, committed 54912K, reserved 1114112K
  class space    used 6480K, committed 6592K, reserved 1048576K
}
Event: 5.860 GC heap before
{Heap before GC invocations=15 (full 0):
 garbage-first heap   total 137216K, used 95983K [0x0000000082200000, 0x0000000100000000)
  region size 1024K, 57 young (58368K), 8 survivors (8192K)
 Metaspace       used 57412K, committed 57664K, reserved 1114112K
  class space    used 6800K, committed 6912K, reserved 1048576K
}
Event: 5.880 GC heap after
{Heap after GC invocations=16 (full 0):
 garbage-first heap   total 137216K, used 53248K [0x0000000082200000, 0x0000000100000000)
  region size 1024K, 7 young (7168K), 7 survivors (7168K)
 Metaspace       used 57412K, committed 57664K, reserved 1114112K
  class space    used 6800K, committed 6912K, reserved 1048576K
}
Event: 6.845 GC heap before
{Heap before GC invocations=16 (full 0):
 garbage-first heap   total 137216K, used 102400K [0x0000000082200000, 0x0000000100000000)
  region size 1024K, 54 young (55296K), 7 survivors (7168K)
 Metaspace       used 59752K, committed 59968K, reserved 1114112K
  class space    used 7022K, committed 7104K, reserved 1048576K
}
Event: 6.867 GC heap after
{Heap after GC invocations=17 (full 0):
 garbage-first heap   total 164864K, used 60924K [0x0000000082200000, 0x0000000100000000)
  region size 1024K, 7 young (7168K), 7 survivors (7168K)
 Metaspace       used 59752K, committed 59968K, reserved 1114112K
  class space    used 7022K, committed 7104K, reserved 1048576K
}
Event: 7.048 GC heap before
{Heap before GC invocations=17 (full 0):
 garbage-first heap   total 164864K, used 67068K [0x0000000082200000, 0x0000000100000000)
  region size 1024K, 14 young (14336K), 7 survivors (7168K)
 Metaspace       used 60104K, committed 60288K, reserved 1114112K
  class space    used 7058K, committed 7168K, reserved 1048576K
}
Event: 7.060 GC heap after
{Heap after GC invocations=18 (full 0):
 garbage-first heap   total 164864K, used 61732K [0x0000000082200000, 0x0000000100000000)
  region size 1024K, 2 young (2048K), 2 survivors (2048K)
 Metaspace       used 60104K, committed 60288K, reserved 1114112K
  class space    used 7058K, committed 7168K, reserved 1048576K
}
Event: 9.001 GC heap before
{Heap before GC invocations=19 (full 0):
 garbage-first heap   total 164864K, used 122148K [0x0000000082200000, 0x0000000100000000)
  region size 1024K, 61 young (62464K), 2 survivors (2048K)
 Metaspace       used 65452K, committed 65728K, reserved 1114112K
  class space    used 7652K, committed 7808K, reserved 1048576K
}
Event: 9.017 GC heap after
{Heap after GC invocations=20 (full 0):
 garbage-first heap   total 164864K, used 69504K [0x0000000082200000, 0x0000000100000000)
  region size 1024K, 8 young (8192K), 8 survivors (8192K)
 Metaspace       used 65452K, committed 65728K, reserved 1114112K
  class space    used 7652K, committed 7808K, reserved 1048576K
}
Event: 9.037 GC heap before
{Heap before GC invocations=20 (full 0):
 garbage-first heap   total 164864K, used 70528K [0x0000000082200000, 0x0000000100000000)
  region size 1024K, 9 young (9216K), 8 survivors (8192K)
 Metaspace       used 65664K, committed 65920K, reserved 1114112K
  class space    used 7666K, committed 7808K, reserved 1048576K
}
Event: 9.050 GC heap after
{Heap after GC invocations=21 (full 0):
 garbage-first heap   total 164864K, used 70008K [0x0000000082200000, 0x0000000100000000)
  region size 1024K, 1 young (1024K), 1 survivors (1024K)
 Metaspace       used 65664K, committed 65920K, reserved 1114112K
  class space    used 7666K, committed 7808K, reserved 1048576K
}
Event: 10.257 GC heap before
{Heap before GC invocations=21 (full 0):
 garbage-first heap   total 164864K, used 125304K [0x0000000082200000, 0x0000000100000000)
  region size 1024K, 55 young (56320K), 1 survivors (1024K)
 Metaspace       used 73808K, committed 74176K, reserved 1179648K
  class space    used 8523K, committed 8704K, reserved 1048576K
}
Event: 10.269 GC heap after
{Heap after GC invocations=22 (full 0):
 garbage-first heap   total 164864K, used 74104K [0x0000000082200000, 0x0000000100000000)
  region size 1024K, 5 young (5120K), 5 survivors (5120K)
 Metaspace       used 73808K, committed 74176K, reserved 1179648K
  class space    used 8523K, committed 8704K, reserved 1048576K
}
Event: 11.232 GC heap before
{Heap before GC invocations=22 (full 0):
 garbage-first heap   total 164864K, used 127352K [0x0000000082200000, 0x0000000100000000)
  region size 1024K, 57 young (58368K), 5 survivors (5120K)
 Metaspace       used 78226K, committed 78528K, reserved 1179648K
  class space    used 9006K, committed 9152K, reserved 1048576K
}
Event: 11.251 GC heap after
{Heap after GC invocations=23 (full 0):
 garbage-first heap   total 164864K, used 82470K [0x0000000082200000, 0x0000000100000000)
  region size 1024K, 8 young (8192K), 8 survivors (8192K)
 Metaspace       used 78226K, committed 78528K, reserved 1179648K
  class space    used 9006K, committed 9152K, reserved 1048576K
}
Event: 12.105 GC heap before
{Heap before GC invocations=23 (full 0):
 garbage-first heap   total 164864K, used 128550K [0x0000000082200000, 0x0000000100000000)
  region size 1024K, 53 young (54272K), 8 survivors (8192K)
 Metaspace       used 84627K, committed 84992K, reserved 1179648K
  class space    used 9660K, committed 9856K, reserved 1048576K
}
Event: 12.124 GC heap after
{Heap after GC invocations=24 (full 0):
 garbage-first heap   total 164864K, used 88561K [0x0000000082200000, 0x0000000100000000)
  region size 1024K, 6 young (6144K), 6 survivors (6144K)
 Metaspace       used 84627K, committed 84992K, reserved 1179648K
  class space    used 9660K, committed 9856K, reserved 1048576K
}
Event: 12.962 GC heap before
{Heap before GC invocations=24 (full 0):
 garbage-first heap   total 164864K, used 129521K [0x0000000082200000, 0x0000000100000000)
  region size 1024K, 46 young (47104K), 6 survivors (6144K)
 Metaspace       used 89539K, committed 89920K, reserved 1179648K
  class space    used 10038K, committed 10240K, reserved 1048576K
}

